> 2020-11-06 16:28:40 [34mdebug[39m: Logging initialized at debug level
> 2020-11-06 16:28:48 [34mdebug[39m: Logging initialized at debug level
> 2020-11-06 16:29:03 [32minfo[39m: handle request url /login
> 2020-11-06 16:29:28 [34mdebug[39m: Logging initialized at debug level
> 2020-11-06 16:47:36 [34mdebug[39m: Logging initialized at debug level
> 2020-11-06 16:47:43 [34mdebug[39m: Logging initialized at debug level
> 2020-11-06 16:47:52 [34mdebug[39m: Logging initialized at debug level
> 2020-11-06 16:48:51 [32minfo[39m: handle request url /user/signUp
> 2020-11-06 16:49:02 [32minfo[39m: handle request url /login
> 2020-11-06 16:49:04 [32minfo[39m: handle request url /login
> 2020-11-06 16:49:04 [32minfo[39m: handle request url /login
> 2020-11-06 16:49:08 [32minfo[39m: handle request url /login
> 2020-11-07 00:40:31 [32minfo[39m: handle request url /map/tasks
> 2020-11-07 00:42:28 [34mdebug[39m: Logging initialized at debug level
> 2020-11-07 00:42:33 [34mdebug[39m: Logging initialized at debug level
> 2020-11-07 00:44:14 [32minfo[39m: handle request url /login
> 2020-11-07 00:45:50 [34mdebug[39m: Logging initialized at debug level
> 2020-11-07 00:45:55 [34mdebug[39m: Logging initialized at debug level
> 2020-11-07 00:55:00 [34mdebug[39m: Logging initialized at debug level
> 2020-11-07 00:55:05 [34mdebug[39m: Logging initialized at debug level
> 2020-11-07 00:58:31 [34mdebug[39m: Logging initialized at debug level
> 2020-11-07 00:58:33 [34mdebug[39m: Logging initialized at debug level
> 2020-11-07 00:59:13 [34mdebug[39m: Logging initialized at debug level
> 2020-11-07 00:59:20 [34mdebug[39m: Logging initialized at debug level
> 2020-11-07 01:00:41 [34mdebug[39m: Logging initialized at debug level
> 2020-11-07 01:00:46 [34mdebug[39m: Logging initialized at debug level
> 2020-11-07 01:00:55 [34mdebug[39m: Logging initialized at debug level
> 2020-11-07 01:01:06 [34mdebug[39m: Logging initialized at debug level
> 2020-11-07 01:01:20 [34mdebug[39m: Logging initialized at debug level
> 2020-11-07 01:01:23 [34mdebug[39m: Logging initialized at debug level
> 2020-11-07 01:01:31 [34mdebug[39m: Logging initialized at debug level
> 2020-11-07 01:01:37 [34mdebug[39m: Logging initialized at debug level
> 2020-11-07 01:01:41 [34mdebug[39m: Logging initialized at debug level
> 2020-11-07 01:01:44 [34mdebug[39m: Logging initialized at debug level
> 2020-11-07 01:01:48 [34mdebug[39m: Logging initialized at debug level
> 2020-11-07 01:01:51 [34mdebug[39m: Logging initialized at debug level
> 2020-11-07 01:01:53 [34mdebug[39m: Logging initialized at debug level
> 2020-11-07 01:01:55 [34mdebug[39m: Logging initialized at debug level
> 2020-11-07 01:02:26 [34mdebug[39m: Logging initialized at debug level
> 2020-11-07 01:02:42 [34mdebug[39m: Logging initialized at debug level
> 2020-11-07 01:02:49 [34mdebug[39m: Logging initialized at debug level
> 2020-11-07 01:03:30 [32minfo[39m: handle request url /login
> 2020-11-07 01:03:30 [32minfo[39m: handle request url /user/info/18686782752@163.com
> 2020-11-07 01:03:36 [32minfo[39m: handle request url /user/Auth
> 2020-11-07 01:03:37 [32minfo[39m: handle request url /user/info/undefined
> 2020-11-07 01:03:39 [32minfo[39m: handle request url /user/Auth
> 2020-11-07 01:03:39 [32minfo[39m: handle request url /user/info/undefined
> 2020-11-07 01:03:40 [32minfo[39m: handle request url /user/Auth
> 2020-11-07 01:03:40 [32minfo[39m: handle request url /user/info/undefined
> 2020-11-07 01:03:50 [32minfo[39m: handle request url /user/Auth
> 2020-11-07 01:03:50 [32minfo[39m: handle request url /user/info/undefined
> 2020-11-07 01:03:50 [32minfo[39m: handle request url /user/Auth
> 2020-11-07 01:03:50 [32minfo[39m: handle request url /user/info/undefined
> 2020-11-07 01:04:14 [34mdebug[39m: Logging initialized at debug level
> 2020-11-07 01:04:15 [32minfo[39m: handle request url /user/Auth
> 2020-11-07 01:04:15 [32minfo[39m: handle request url /user/info/undefined
> 2020-11-07 01:04:16 [32minfo[39m: handle request url /user/Auth
> 2020-11-07 01:04:16 [32minfo[39m: handle request url /user/info/undefined
> 2020-11-07 01:04:17 [32minfo[39m: handle request url /user/Auth
> 2020-11-07 01:04:17 [32minfo[39m: handle request url /user/info/undefined
> 2020-11-07 01:04:17 [32minfo[39m: handle request url /user/Auth
> 2020-11-07 01:04:17 [32minfo[39m: handle request url /user/info/undefined
> 2020-11-07 01:04:21 [32minfo[39m: handle request url /user/Auth
> 2020-11-07 01:04:21 [32minfo[39m: handle request url /user/info/undefined
> 2020-11-07 01:04:27 [32minfo[39m: handle request url /user/Auth
> 2020-11-07 01:04:37 [32minfo[39m: handle request url /login
> 2020-11-07 01:04:42 [32minfo[39m: handle request url /user/Auth
> 2020-11-07 01:04:42 [32minfo[39m: handle request url /user/info/undefined
> 2020-11-07 01:04:43 [32minfo[39m: handle request url /user/Auth
> 2020-11-07 01:04:43 [32minfo[39m: handle request url /user/info/undefined
> 2020-11-07 01:04:44 [32minfo[39m: handle request url /user/Auth
> 2020-11-07 01:04:44 [32minfo[39m: handle request url /user/info/undefined
> 2020-11-07 01:04:44 [32minfo[39m: handle request url /user/Auth
> 2020-11-07 01:04:44 [32minfo[39m: handle request url /user/info/undefined
> 2020-11-07 01:04:44 [32minfo[39m: handle request url /user/Auth
> 2020-11-07 01:04:45 [32minfo[39m: handle request url /user/info/undefined
> 2020-11-07 01:05:02 [34mdebug[39m: Logging initialized at debug level
> 2020-11-07 01:05:09 [34mdebug[39m: Logging initialized at debug level
> 2020-11-07 01:05:17 [34mdebug[39m: Logging initialized at debug level
> 2020-11-07 01:05:25 [34mdebug[39m: Logging initialized at debug level
> 2020-11-07 01:05:26 [32minfo[39m: handle request url /user/Auth
> 2020-11-07 01:05:26 [32minfo[39m: handle request url /user/info/18686782752@163.com
> 2020-11-07 01:05:30 [32minfo[39m: handle request url /user/profile
> 2020-11-07 01:05:32 [32minfo[39m: handle request url /user/Auth
> 2020-11-07 01:05:32 [32minfo[39m: handle request url /user/info/18686782752@163.com
> 2020-11-07 01:05:37 [32minfo[39m: handle request url /user/profile
> 2020-11-07 01:05:38 [32minfo[39m: handle request url /user/Auth
> 2020-11-07 01:05:39 [32minfo[39m: handle request url /user/info/18686782752@163.com
> 2020-11-07 01:06:01 [34mdebug[39m: Logging initialized at debug level
> 2020-11-07 01:06:03 [34mdebug[39m: Logging initialized at debug level
> 2020-11-07 01:06:05 [34mdebug[39m: Logging initialized at debug level
> 2020-11-07 01:06:08 [34mdebug[39m: Logging initialized at debug level
> 2020-11-07 01:06:09 [34mdebug[39m: Logging initialized at debug level
> 2020-11-07 01:06:26 [34mdebug[39m: Logging initialized at debug level
> 2020-11-07 01:06:28 [34mdebug[39m: Logging initialized at debug level
> 2020-11-07 01:06:30 [34mdebug[39m: Logging initialized at debug level
> 2020-11-07 01:06:35 [34mdebug[39m: Logging initialized at debug level
> 2020-11-07 01:06:44 [34mdebug[39m: Logging initialized at debug level
> 2020-11-07 01:06:54 [34mdebug[39m: Logging initialized at debug level
> 2020-11-07 01:06:57 [34mdebug[39m: Logging initialized at debug level
> 2020-11-07 01:07:22 [34mdebug[39m: Logging initialized at debug level
> 2020-11-07 01:07:44 [34mdebug[39m: Logging initialized at debug level
> 2020-11-07 01:07:45 [34mdebug[39m: Logging initialized at debug level
> 2020-11-07 01:07:54 [34mdebug[39m: Logging initialized at debug level
> 2020-11-07 01:08:17 [34mdebug[39m: Logging initialized at debug level
> 2020-11-07 01:08:22 [34mdebug[39m: Logging initialized at debug level
> 2020-11-07 01:08:24 [34mdebug[39m: Logging initialized at debug level
> 2020-11-07 01:08:26 [34mdebug[39m: Logging initialized at debug level
> 2020-11-07 01:08:30 [34mdebug[39m: Logging initialized at debug level
> 2020-11-07 01:08:35 [34mdebug[39m: Logging initialized at debug level
> 2020-11-07 01:08:38 [34mdebug[39m: Logging initialized at debug level
> 2020-11-07 01:08:41 [34mdebug[39m: Logging initialized at debug level
> 2020-11-07 01:08:44 [34mdebug[39m: Logging initialized at debug level
> 2020-11-07 01:08:47 [34mdebug[39m: Logging initialized at debug level
> 2020-11-07 01:08:49 [34mdebug[39m: Logging initialized at debug level
> 2020-11-07 01:08:53 [34mdebug[39m: Logging initialized at debug level
> 2020-11-07 01:08:58 [34mdebug[39m: Logging initialized at debug level
> 2020-11-07 01:09:00 [34mdebug[39m: Logging initialized at debug level
> 2020-11-07 01:09:02 [34mdebug[39m: Logging initialized at debug level
> 2020-11-07 01:09:04 [34mdebug[39m: Logging initialized at debug level
> 2020-11-07 01:09:06 [34mdebug[39m: Logging initialized at debug level
> 2020-11-07 01:09:09 [34mdebug[39m: Logging initialized at debug level
> 2020-11-07 01:09:11 [34mdebug[39m: Logging initialized at debug level
> 2020-11-07 01:09:18 [34mdebug[39m: Logging initialized at debug level
> 2020-11-07 01:09:42 [34mdebug[39m: Logging initialized at debug level
> 2020-11-07 01:09:45 [34mdebug[39m: Logging initialized at debug level
> 2020-11-07 01:09:47 [34mdebug[39m: Logging initialized at debug level
> 2020-11-07 01:09:49 [34mdebug[39m: Logging initialized at debug level
> 2020-11-07 01:10:12 [34mdebug[39m: Logging initialized at debug level
> 2020-11-07 01:10:23 [34mdebug[39m: Logging initialized at debug level
> 2020-11-07 01:10:59 [34mdebug[39m: Logging initialized at debug level
> 2020-11-07 01:11:35 [32minfo[39m: handle request url /task/tasks
> 2020-11-07 01:11:57 [32minfo[39m: handle request url /login
> 2020-11-07 01:12:20 [32minfo[39m: handle request url /task/tasks
> 2020-11-07 01:12:23 [32minfo[39m: handle request url /map/tasks
> 2020-11-07 01:12:28 [32minfo[39m: handle request url /task/tasks
> 2020-11-07 01:12:35 [32minfo[39m: handle request url /task/address/C
> 2020-11-07 01:12:57 [32minfo[39m: handle request url /task/tasks
> 2020-11-07 01:24:04 [32minfo[39m: handle request url /login
> 2020-11-07 01:24:13 [32minfo[39m: handle request url /task/address/C
> 2020-11-07 01:24:18 [32minfo[39m: handle request url /task/task
> 2020-11-07 01:24:19 [32minfo[39m: handle request url /task/tasks
> 2020-11-07 01:24:35 [32minfo[39m: handle request url /task/questions/5fa55c92ce1c4217e4b16f72
> 2020-11-07 01:24:35 [32minfo[39m: handle request url /task/tasks
> 2020-11-07 01:24:42 [32minfo[39m: handle request url /user/Auth
> 2020-11-07 01:24:42 [32minfo[39m: handle request url /notification/all
> 2020-11-07 01:24:42 [32minfo[39m: handle request url /notification/all
> 2020-11-07 01:24:46 [32minfo[39m: handle request url /task/tasks
> 2020-11-07 01:24:53 [32minfo[39m: handle request url /user/Auth
> 2020-11-07 01:24:53 [32minfo[39m: handle request url /notification/all
> 2020-11-07 01:24:53 [32minfo[39m: handle request url /notification/all
> 2020-11-07 01:24:58 [32minfo[39m: handle request url /task/tasks
> 2020-11-07 01:25:05 [32minfo[39m: handle request url /task/offers/5fa55c92ce1c4217e4b16f72
> 2020-11-07 01:25:05 [32minfo[39m: handle request url /task/tasks
> 2020-11-07 01:25:17 [32minfo[39m: handle request url /user/Auth
> 2020-11-07 01:25:17 [32minfo[39m: handle request url /user/info/18686782752@163.com
> 2020-11-07 01:25:35 [32minfo[39m: handle request url /user/info/18686782752@163.com
> 2020-11-07 01:25:37 [32minfo[39m: handle request url /user/Auth
> 2020-11-07 01:25:37 [32minfo[39m: handle request url /user/info/18686782752@163.com
> 2020-11-07 01:25:38 [32minfo[39m: handle request url /user/Auth
> 2020-11-07 01:25:38 [32minfo[39m: handle request url /user/info/18686782752@163.com
> 2020-11-07 01:25:39 [32minfo[39m: handle request url /user/Auth
> 2020-11-07 01:25:39 [32minfo[39m: handle request url /user/info/18686782752@163.com
> 2020-11-07 01:25:39 [32minfo[39m: handle request url /user/Auth
> 2020-11-07 01:25:39 [32minfo[39m: handle request url /user/info/18686782752@163.com
> 2020-11-07 01:25:39 [32minfo[39m: handle request url /user/Auth
> 2020-11-07 01:25:39 [32minfo[39m: handle request url /user/info/18686782752@163.com
> 2020-11-07 01:25:40 [32minfo[39m: handle request url /user/Auth
> 2020-11-07 01:25:40 [32minfo[39m: handle request url /user/info/18686782752@163.com
> 2020-11-07 01:25:45 [32minfo[39m: handle request url /user/profile
> 2020-11-07 01:25:46 [32minfo[39m: handle request url /user/Auth
> 2020-11-07 01:25:46 [32minfo[39m: handle request url /user/info/18686782752@163.com
> 2020-11-07 01:25:57 [32minfo[39m: handle request url /user/profile
> 2020-11-07 01:25:58 [32minfo[39m: handle request url /user/Auth
> 2020-11-07 01:25:58 [32minfo[39m: handle request url /user/info/18686782752@163.com
> 2020-11-07 01:26:01 [32minfo[39m: handle request url /user/profile
> 2020-11-07 01:26:02 [32minfo[39m: handle request url /user/Auth
> 2020-11-07 01:26:03 [32minfo[39m: handle request url /user/info/18686782752@163.com
> 2020-11-07 01:26:05 [32minfo[39m: handle request url /map/tasks
> 2020-11-07 01:26:06 [32minfo[39m: handle request url /task/tasks
> 2020-11-07 01:26:36 [32minfo[39m: handle request url /map/tasks
> 2020-11-07 01:26:50 [32minfo[39m: handle request url /map/tasks
> 2020-11-07 01:26:51 [32minfo[39m: handle request url /task/tasks
> 2020-11-07 01:27:18 [32minfo[39m: handle request url /map/tasks
> 2020-11-07 01:27:20 [32minfo[39m: handle request url /task/tasks
> 2020-11-07 03:25:11 [34mdebug[39m: Logging initialized at debug level
> 2020-11-07 03:27:48 [34mdebug[39m: Logging initialized at debug level
> 2020-11-07 03:28:16 [32minfo[39m: handle request url /login
> 2020-11-07 03:28:24 [32minfo[39m: handle request url /user/Auth
> 2020-11-07 03:28:24 [32minfo[39m: handle request url /user/info/18686782752@163.com
> 2020-11-07 03:28:26 [32minfo[39m: handle request url /user/profile
> 2020-11-07 03:28:27 [32minfo[39m: handle request url /user/Auth
> 2020-11-07 03:28:28 [32minfo[39m: handle request url /user/info/18686782752@163.com
> 2020-11-07 03:28:56 [32minfo[39m: handle request url /user/info/18686782752@163.com
> 2020-11-07 03:29:15 [34mdebug[39m: Logging initialized at debug level
> 2020-11-07 12:25:43 [34mdebug[39m: Logging initialized at debug level
> 2020-11-07 12:42:32 [32minfo[39m: handle request url /user/Auth
> 2020-11-07 12:42:32 [32minfo[39m: handle request url /user/info/18686782752@163.com
> 2020-11-07 12:43:39 [32minfo[39m: handle request url /user/info/18686782752@163.com
> 2020-11-07 12:43:42 [32minfo[39m: handle request url /user/Auth
> 2020-11-07 12:43:42 [32minfo[39m: handle request url /user/info/18686782752@163.com
> 2020-11-07 12:45:40 [32minfo[39m: handle request url /user/signUp
> 2020-11-07 13:10:14 [34mdebug[39m: Logging initialized at debug level
> 2020-11-07 13:57:08 [34mdebug[39m: Logging initialized at debug level
> 2020-11-07 13:57:12 [34mdebug[39m: Logging initialized at debug level
> 2020-11-07 13:58:29 [32minfo[39m: handle request url /user/signUp
> 2020-11-07 13:58:31 [32minfo[39m: handle request url /user/signUp
> 2020-11-07 13:58:34 [32minfo[39m: handle request url /user/signUp
> 2020-11-07 13:58:34 [32minfo[39m: handle request url /user/signUp
> 2020-11-07 13:59:21 [32minfo[39m: handle request url /login
> 2020-11-07 13:59:35 [32minfo[39m: handle request url /login
> 2020-11-07 13:59:36 [32minfo[39m: handle request url /login
> 2020-11-07 13:59:41 [32minfo[39m: handle request url /login
> 2020-11-07 14:00:06 [32minfo[39m: handle request url /login
> 2020-11-07 14:00:35 [32minfo[39m: handle request url /user/info/18686782752@163.com
> 2020-11-07 14:15:00 [34mdebug[39m: Logging initialized at debug level
> 2020-11-07 14:15:14 [32minfo[39m: handle request url /user/Auth
> 2020-11-07 14:15:15 [32minfo[39m: handle request url /user/Auth
> 2020-11-07 14:15:26 [32minfo[39m: handle request url /user/Auth
> 2020-11-07 14:15:26 [32minfo[39m: handle request url /user/info/18686782752@163.com
> 2020-11-07 14:15:36 [32minfo[39m: handle request url /user/Auth
> 2020-11-07 14:15:36 [32minfo[39m: handle request url /user/info/18686782752@163.com
> 2020-11-07 14:15:46 [32minfo[39m: handle request url /user/info/18686782752@163.com
> 2020-11-07 14:15:48 [32minfo[39m: handle request url /user/Auth
> 2020-11-07 14:15:48 [32minfo[39m: handle request url /user/info/18686782752@163.com
> 2020-11-07 14:15:49 [32minfo[39m: handle request url /user/Auth
> 2020-11-07 14:15:49 [32minfo[39m: handle request url /user/info/18686782752@163.com
> 2020-11-07 14:15:49 [32minfo[39m: handle request url /user/Auth
> 2020-11-07 14:15:49 [32minfo[39m: handle request url /user/info/18686782752@163.com
> 2020-11-07 14:15:50 [32minfo[39m: handle request url /user/Auth
> 2020-11-07 14:15:50 [32minfo[39m: handle request url /user/info/18686782752@163.com
> 2020-11-07 14:15:57 [32minfo[39m: handle request url /task/tasks
> 2020-11-07 14:16:04 [32minfo[39m: handle request url /task/address/1
> 2020-11-07 14:16:04 [32minfo[39m: handle request url /task/address/11
> 2020-11-07 14:16:05 [32minfo[39m: handle request url /task/address/c
> 2020-11-07 14:16:06 [32minfo[39m: handle request url /task/address/C
> 2020-11-07 14:16:10 [32minfo[39m: handle request url /task/task
> 2020-11-07 14:16:10 [32minfo[39m: handle request url /task/tasks
> 2020-11-07 14:16:23 [32minfo[39m: handle request url /login
> 2020-11-07 14:16:28 [32minfo[39m: handle request url /task/tasks
> 2020-11-07 14:16:30 [32minfo[39m: handle request url /map/tasks
> 2020-11-07 14:17:28 [32minfo[39m: handle request url /user/Auth
> 2020-11-07 14:17:28 [32minfo[39m: handle request url /map/tasks
> 2020-11-07 14:17:45 [32minfo[39m: handle request url /user/Auth
> 2020-11-07 14:17:45 [32minfo[39m: handle request url /map/tasks
> 2020-11-07 14:17:58 [32minfo[39m: handle request url /user/Auth
> 2020-11-07 14:17:58 [32minfo[39m: handle request url /map/tasks
> 2020-11-07 14:18:06 [32minfo[39m: handle request url /user/Auth
> 2020-11-07 14:18:06 [32minfo[39m: handle request url /map/tasks
> 2020-11-07 14:18:10 [32minfo[39m: handle request url /user/Auth
> 2020-11-07 14:18:10 [32minfo[39m: handle request url /map/tasks
> 2020-11-07 14:18:32 [32minfo[39m: handle request url /user/Auth
> 2020-11-07 14:18:32 [32minfo[39m: handle request url /map/tasks
> 2020-11-07 14:18:38 [32minfo[39m: handle request url /user/Auth
> 2020-11-07 14:18:38 [32minfo[39m: handle request url /map/tasks
> 2020-11-07 14:32:44 [34mdebug[39m: Logging initialized at debug level
> 2020-11-07 14:32:48 [34mdebug[39m: Logging initialized at debug level
> 2020-11-07 14:32:57 [34mdebug[39m: Logging initialized at debug level
> 2020-11-07 14:33:01 [34mdebug[39m: Logging initialized at debug level
> 2020-11-07 14:33:05 [34mdebug[39m: Logging initialized at debug level
> 2020-11-07 14:33:15 [34mdebug[39m: Logging initialized at debug level
> 2020-11-07 14:33:18 [34mdebug[39m: Logging initialized at debug level
> 2020-11-07 14:33:23 [34mdebug[39m: Logging initialized at debug level
> 2020-11-07 14:33:29 [34mdebug[39m: Logging initialized at debug level
> 2020-11-07 14:33:33 [34mdebug[39m: Logging initialized at debug level
> 2020-11-07 14:33:36 [34mdebug[39m: Logging initialized at debug level
> 2020-11-07 14:33:38 [34mdebug[39m: Logging initialized at debug level
> 2020-11-07 14:33:49 [34mdebug[39m: Logging initialized at debug level
> 2020-11-07 14:33:59 [34mdebug[39m: Logging initialized at debug level
> 2020-11-07 14:40:52 [34mdebug[39m: Logging initialized at debug level
> 2020-11-07 14:40:55 [34mdebug[39m: Logging initialized at debug level
> 2020-11-07 14:41:16 [32minfo[39m: handle request url /api/login
> 2020-11-07 14:41:24 [32minfo[39m: handle request url /api/task/address/b
> 2020-11-07 14:41:25 [32minfo[39m: handle request url /api/task/address/B
> 2020-11-07 14:41:29 [32minfo[39m: handle request url /api/task/task
> 2020-11-07 14:41:29 [32minfo[39m: handle request url /api/task/tasks
> 2020-11-07 14:42:32 [32minfo[39m: handle request url /api/user/Auth
> 2020-11-07 14:42:32 [32minfo[39m: handle request url /api/task/tasks
> 2020-11-07 14:42:40 [32minfo[39m: handle request url /api/user/Auth
> 2020-11-07 14:42:40 [32minfo[39m: handle request url /api/task/tasks
> 2020-11-07 14:42:42 [32minfo[39m: handle request url /api/task/tasks
> 2020-11-07 14:42:42 [32minfo[39m: handle request url /api/user/Auth
> 2020-11-07 14:42:46 [32minfo[39m: handle request url /api/task/offers/5fa3b8d7090a285270cd7f83
> 2020-11-07 14:42:46 [32minfo[39m: handle request url /api/task/tasks
> 2020-11-07 14:42:50 [32minfo[39m: handle request url /api/task/questions/5fa3b8d7090a285270cd7f83
> 2020-11-07 14:42:50 [32minfo[39m: handle request url /api/task/tasks
> 2020-11-07 14:42:55 [32minfo[39m: handle request url /api/user/Auth
> 2020-11-07 14:42:55 [32minfo[39m: handle request url /api/user/info/18686782752@163.com
> 2020-11-07 14:42:59 [32minfo[39m: handle request url /api/user/profile
> 2020-11-07 14:43:00 [32minfo[39m: handle request url /api/user/profile
> 2020-11-07 14:43:06 [32minfo[39m: handle request url /api/user/profile
> 2020-11-07 14:43:07 [32minfo[39m: handle request url /api/user/Auth
> 2020-11-07 14:43:07 [32minfo[39m: handle request url /api/user/info/18686782752@163.com
> 2020-11-07 14:43:32 [32minfo[39m: handle request url /api/user/Auth
> 2020-11-07 14:43:32 [32minfo[39m: handle request url /api/user/info/18686782752@163.com
> 2020-11-07 16:30:00 [32minfo[39m: handle request url /api/login
> 2020-11-07 16:30:38 [32minfo[39m: handle request url /api/user/info/18686782752@163.com
> 2020-11-07 16:31:00 [32minfo[39m: handle request url /api/user/signUp
> 2020-11-07 16:31:13 [32minfo[39m: handle request url /api/login
> 2020-11-07 16:31:32 [32minfo[39m: handle request url /api/user/profile
> 2020-11-07 16:32:00 [32minfo[39m: handle request url /api/task/tasks
> 2020-11-07 16:32:26 [32minfo[39m: handle request url /api/login
> 2020-11-07 16:32:27 [32minfo[39m: handle request url /api/login
> 2020-11-07 16:32:27 [32minfo[39m: handle request url /api/login
> 2020-11-07 16:32:27 [32minfo[39m: handle request url /api/login
> 2020-11-07 16:33:49 [32minfo[39m: handle request url /api/task/address/1
> 2020-11-07 16:33:50 [32minfo[39m: handle request url /api/task/address/C
> 2020-11-07 16:33:55 [32minfo[39m: handle request url /api/task/task
> 2020-11-07 16:33:55 [32minfo[39m: handle request url /api/task/tasks
> 2020-11-07 16:35:18 [32minfo[39m: handle request url /api/login
> 2020-11-07 16:44:46 [32minfo[39m: handle request url /api/login
> 2020-11-07 16:44:48 [32minfo[39m: handle request url /api/login
> 2020-11-07 16:45:01 [32minfo[39m: handle request url /api/task/address/1
> 2020-11-07 16:45:01 [32minfo[39m: handle request url /api/task/address/11
> 2020-11-07 16:45:02 [32minfo[39m: handle request url /api/task/address/111
> 2020-11-07 16:45:48 [32minfo[39m: handle request url /api/user/signUp
> 2020-11-07 16:45:59 [32minfo[39m: handle request url /api/login
> 2020-11-07 16:46:00 [32minfo[39m: handle request url /api/login
> 2020-11-07 16:46:01 [32minfo[39m: handle request url /api/login
> 2020-11-07 16:46:29 [32minfo[39m: handle request url /api/user/signUp
> 2020-11-07 16:46:41 [32minfo[39m: handle request url /api/login
> 2020-11-07 16:46:42 [32minfo[39m: handle request url /api/login
> 2020-11-07 16:46:42 [32minfo[39m: handle request url /api/login
> 2020-11-07 16:46:45 [32minfo[39m: handle request url /api/login
> 2020-11-07 16:46:45 [32minfo[39m: handle request url /api/login
> 2020-11-07 16:47:06 [32minfo[39m: handle request url /api/login
> 2020-11-07 16:47:06 [32minfo[39m: handle request url /api/login
> 2020-11-07 16:47:07 [32minfo[39m: handle request url /api/login
> 2020-11-07 16:47:07 [32minfo[39m: handle request url /api/login
> 2020-11-07 16:47:08 [32minfo[39m: handle request url /api/login
> 2020-11-07 16:47:08 [32minfo[39m: handle request url /api/login
> 2020-11-07 16:47:09 [32minfo[39m: handle request url /api/login
> 2020-11-07 16:47:20 [32minfo[39m: handle request url /api/user/signUp
> 2020-11-07 16:47:20 [32minfo[39m: handle request url /api/user/signUp
> 2020-11-07 16:47:20 [32minfo[39m: handle request url /api/user/signUp
> 2020-11-07 16:47:20 [32minfo[39m: handle request url /api/user/signUp
> 2020-11-07 16:47:20 [32minfo[39m: handle request url /api/user/signUp
> 2020-11-07 16:47:21 [32minfo[39m: handle request url /api/user/signUp
> 2020-11-07 16:47:21 [32minfo[39m: handle request url /api/user/signUp
> 2020-11-07 16:47:21 [32minfo[39m: handle request url /api/user/signUp
> 2020-11-07 16:47:23 [32minfo[39m: handle request url /api/user/signUp
> 2020-11-07 16:47:23 [32minfo[39m: handle request url /api/user/signUp
> 2020-11-07 16:47:23 [32minfo[39m: handle request url /api/user/signUp
> 2020-11-07 16:50:56 [32minfo[39m: handle request url /api/user/signUp
> 2020-11-07 16:51:24 [32minfo[39m: handle request url /api/login
> 2020-11-07 16:51:31 [32minfo[39m: handle request url /api/login
> 2020-11-07 16:51:45 [32minfo[39m: handle request url /api/login
> 2020-11-07 16:51:56 [32minfo[39m: handle request url /api/login
> 2020-11-07 16:52:15 [32minfo[39m: handle request url /api/user/signUp
> 2020-11-07 16:52:27 [32minfo[39m: handle request url /api/user/signUp
> 2020-11-07 16:52:31 [32minfo[39m: handle request url /api/user/signUp
> 2020-11-07 16:52:45 [32minfo[39m: handle request url /api/login
> 2020-11-07 16:52:53 [32minfo[39m: handle request url /api/task/tasks
> 2020-11-07 16:54:49 [32minfo[39m: handle request url /api/login
> 2020-11-07 16:54:50 [32minfo[39m: handle request url /api/user/info/18686782752@163.com
> 2020-11-07 16:55:36 [32minfo[39m: handle request url /api/login
> 2020-11-07 16:55:36 [32minfo[39m: handle request url /api/user/info/18686782752@163.com
> 2020-11-07 16:56:25 [32minfo[39m: handle request url /api/login
> 2020-11-07 16:56:25 [32minfo[39m: handle request url /api/user/info/18686782752@163.com
> 2020-11-07 16:58:12 [32minfo[39m: handle request url /api/user/Auth
> 2020-11-07 16:58:36 [32minfo[39m: handle request url /api/login
> 2020-11-07 16:58:40 [32minfo[39m: handle request url /api/user/Auth
> 2020-11-07 16:58:40 [32minfo[39m: handle request url /api/user/Auth
> 2020-11-07 16:58:45 [32minfo[39m: handle request url /api/user/Auth
> 2020-11-07 16:58:45 [32minfo[39m: handle request url /api/user/info/18686782752@163.com
> 2020-11-07 16:58:48 [32minfo[39m: handle request url /api/user/Auth
> 2020-11-07 16:58:48 [32minfo[39m: handle request url /api/user/info/18686782752@163.com
> 2020-11-07 16:58:48 [32minfo[39m: handle request url /api/user/Auth
> 2020-11-07 16:58:48 [32minfo[39m: handle request url /api/user/info/18686782752@163.com
> 2020-11-07 16:58:49 [32minfo[39m: handle request url /api/user/Auth
> 2020-11-07 16:58:49 [32minfo[39m: handle request url /api/user/info/18686782752@163.com
> 2020-11-07 16:58:49 [32minfo[39m: handle request url /api/user/Auth
> 2020-11-07 16:58:49 [32minfo[39m: handle request url /api/user/info/18686782752@163.com
> 2020-11-07 16:58:50 [32minfo[39m: handle request url /api/user/Auth
> 2020-11-07 16:58:50 [32minfo[39m: handle request url /api/user/info/18686782752@163.com
> 2020-11-07 16:58:50 [32minfo[39m: handle request url /api/user/Auth
> 2020-11-07 16:58:50 [32minfo[39m: handle request url /api/user/info/18686782752@163.com
> 2020-11-07 16:59:12 [32minfo[39m: handle request url /api/user/Auth
> 2020-11-07 16:59:12 [32minfo[39m: handle request url /api/user/info/18686782752@163.com
> 2020-11-07 16:59:14 [32minfo[39m: handle request url /api/user/Auth
> 2020-11-07 16:59:14 [32minfo[39m: handle request url /api/user/info/18686782752@163.com
> 2020-11-07 16:59:23 [32minfo[39m: handle request url /api/login
> 2020-11-07 16:59:25 [32minfo[39m: handle request url /api/user/Auth
> 2020-11-07 16:59:25 [32minfo[39m: handle request url /api/user/Auth
> 2020-11-07 16:59:46 [32minfo[39m: handle request url /api/login
> 2020-11-07 16:59:48 [32minfo[39m: handle request url /api/login
> 2020-11-07 17:00:10 [32minfo[39m: handle request url /api/login
> 2020-11-07 17:03:24 [32minfo[39m: handle request url /api/login
> 2020-11-07 17:03:29 [32minfo[39m: handle request url /api/task/tasks
> 2020-11-07 17:05:38 [32minfo[39m: handle request url /api/login
> 2020-11-07 17:11:19 [32minfo[39m: handle request url /api/user/signUp
> 2020-11-07 17:11:32 [32minfo[39m: handle request url /api/login
> 2020-11-07 17:15:14 [32minfo[39m: handle request url /api/login
> 2020-11-07 17:15:27 [32minfo[39m: handle request url /api/task/tasks
> 2020-11-07 17:15:32 [32minfo[39m: handle request url /api/task/tasks
> 2020-11-07 17:16:16 [32minfo[39m: handle request url /api/user/signUp
> 2020-11-07 17:16:24 [32minfo[39m: handle request url /api/login
> 2020-11-07 17:20:54 [32minfo[39m: handle request url /api/user/signUp
> 2020-11-07 17:21:08 [32minfo[39m: handle request url /api/login
> 2020-11-07 17:21:16 [32minfo[39m: handle request url /api/task/tasks
> 2020-11-07 17:35:13 [32minfo[39m: handle request url /api/user/signUp
> 2020-11-07 17:35:15 [32minfo[39m: handle request url /api/user/signUp
> 2020-11-07 17:35:24 [32minfo[39m: handle request url /api/user/signUp
> 2020-11-07 17:35:24 [32minfo[39m: handle request url /api/user/signUp
> 2020-11-07 17:35:24 [32minfo[39m: handle request url /api/user/signUp
> 2020-11-07 17:36:35 [32minfo[39m: handle request url /api/user/signUp
> 2020-11-07 17:36:46 [32minfo[39m: handle request url /api/login
> 2020-11-07 17:56:24 [32minfo[39m: handle request url /api/user/signUp
> 2020-11-07 17:56:40 [32minfo[39m: handle request url /api/user/signUp
> 2020-11-07 17:56:54 [32minfo[39m: handle request url /api/login
> 2020-11-07 17:56:55 [32minfo[39m: handle request url /api/login
> 2020-11-07 17:56:57 [32minfo[39m: handle request url /api/login
> 2020-11-07 17:56:58 [32minfo[39m: handle request url /api/login
> 2020-11-07 17:56:59 [32minfo[39m: handle request url /api/login
> 2020-11-07 17:57:00 [32minfo[39m: handle request url /api/login
> 2020-11-07 17:57:29 [32minfo[39m: handle request url /api/user/signUp
> 2020-11-07 17:57:31 [32minfo[39m: handle request url /api/user/signUp
> 2020-11-07 17:57:36 [32minfo[39m: handle request url /api/user/signUp
> 2020-11-07 17:57:58 [32minfo[39m: handle request url /api/login
> 2020-11-07 18:00:18 [32minfo[39m: handle request url /api/login
> 2020-11-07 18:01:42 [32minfo[39m: handle request url /api/task/address/1
> 2020-11-07 18:01:43 [32minfo[39m: handle request url /api/task/address/C
> 2020-11-07 18:01:48 [32minfo[39m: handle request url /api/task/task
> 2020-11-07 18:01:48 [32minfo[39m: handle request url /api/task/tasks
> 2020-11-07 18:04:51 [34mdebug[39m: Logging initialized at debug level
> 2020-11-07 18:07:48 [32minfo[39m: handle request url /api/task/tasks
> 2020-11-07 18:08:02 [32minfo[39m: handle request url /api/user/signUp
> 2020-11-07 18:08:03 [32minfo[39m: handle request url /api/user/signUp
> 2020-11-07 18:11:39 [32minfo[39m: handle request url /api/login
> 2020-11-07 18:11:39 [32minfo[39m: handle request url /api/login
> 2020-11-07 18:11:42 [32minfo[39m: handle request url /api/login
> 2020-11-07 18:14:13 [32minfo[39m: handle request url /api/login
> 2020-11-07 18:15:26 [32minfo[39m: handle request url /api/login
> 2020-11-07 18:15:27 [32minfo[39m: handle request url /api/login
> 2020-11-07 18:15:34 [32minfo[39m: handle request url /api/login
